c:\users\wnsgh\onedrive\바탕 화면\파일 모음\쥬신\수업\7개월차\13일차_모델2\engine\default\x64\debug\vc143.pdb
c:\users\wnsgh\onedrive\바탕 화면\파일 모음\쥬신\수업\7개월차\13일차_모델2\engine\default\x64\debug\vc143.idb
c:\users\wnsgh\onedrive\바탕 화면\파일 모음\쥬신\수업\7개월차\13일차_모델2\engine\default\x64\debug\texture.obj
c:\users\wnsgh\onedrive\바탕 화면\파일 모음\쥬신\수업\7개월차\13일차_모델2\engine\default\x64\debug\shader.obj
c:\users\wnsgh\onedrive\바탕 화면\파일 모음\쥬신\수업\7개월차\13일차_모델2\engine\default\x64\debug\renderer.obj
c:\users\wnsgh\onedrive\바탕 화면\파일 모음\쥬신\수업\7개월차\13일차_모델2\engine\default\x64\debug\pipeline.obj
c:\users\wnsgh\onedrive\바탕 화면\파일 모음\쥬신\수업\7개월차\13일차_모델2\engine\default\x64\debug\object_manager.obj
c:\users\wnsgh\onedrive\바탕 화면\파일 모음\쥬신\수업\7개월차\13일차_모델2\engine\default\x64\debug\model.obj
c:\users\wnsgh\onedrive\바탕 화면\파일 모음\쥬신\수업\7개월차\13일차_모델2\engine\default\x64\debug\mesh.obj
c:\users\wnsgh\onedrive\바탕 화면\파일 모음\쥬신\수업\7개월차\13일차_모델2\engine\default\x64\debug\level_manager.obj
c:\users\wnsgh\onedrive\바탕 화면\파일 모음\쥬신\수업\7개월차\13일차_모델2\engine\default\x64\debug\level.obj
c:\users\wnsgh\onedrive\바탕 화면\파일 모음\쥬신\수업\7개월차\13일차_모델2\engine\default\x64\debug\layer.obj
c:\users\wnsgh\onedrive\바탕 화면\파일 모음\쥬신\수업\7개월차\13일차_모델2\engine\default\x64\debug\input_device.obj
c:\users\wnsgh\onedrive\바탕 화면\파일 모음\쥬신\수업\7개월차\13일차_모델2\engine\default\x64\debug\graphic_device.obj
c:\users\wnsgh\onedrive\바탕 화면\파일 모음\쥬신\수업\7개월차\13일차_모델2\engine\default\x64\debug\gameobject.obj
c:\users\wnsgh\onedrive\바탕 화면\파일 모음\쥬신\수업\7개월차\13일차_모델2\engine\default\x64\debug\gameinstance.obj
c:\users\wnsgh\onedrive\바탕 화면\파일 모음\쥬신\수업\7개월차\13일차_모델2\engine\default\x64\debug\engine_struct.obj
c:\users\wnsgh\onedrive\바탕 화면\파일 모음\쥬신\수업\7개월차\13일차_모델2\engine\default\x64\debug\component_manager.obj
c:\users\wnsgh\onedrive\바탕 화면\파일 모음\쥬신\수업\7개월차\13일차_모델2\engine\default\x64\debug\component.obj
c:\users\wnsgh\onedrive\바탕 화면\파일 모음\쥬신\수업\7개월차\13일차_모델2\engine\default\x64\debug\camera.obj
c:\users\wnsgh\onedrive\바탕 화면\파일 모음\쥬신\수업\7개월차\13일차_모델2\engine\default\x64\debug\blendobject.obj
c:\users\wnsgh\onedrive\바탕 화면\파일 모음\쥬신\수업\7개월차\13일차_모델2\engine\default\x64\debug\base.obj
c:\users\wnsgh\onedrive\바탕 화면\파일 모음\쥬신\수업\7개월차\13일차_모델2\engine\default\x64\debug\vibuffer_terrain.obj
c:\users\wnsgh\onedrive\바탕 화면\파일 모음\쥬신\수업\7개월차\13일차_모델2\engine\default\x64\debug\vibuffer_rect.obj
c:\users\wnsgh\onedrive\바탕 화면\파일 모음\쥬신\수업\7개월차\13일차_모델2\engine\default\x64\debug\vibuffer.obj
c:\users\wnsgh\onedrive\바탕 화면\파일 모음\쥬신\수업\7개월차\13일차_모델2\engine\default\x64\debug\uiobject.obj
c:\users\wnsgh\onedrive\바탕 화면\파일 모음\쥬신\수업\7개월차\13일차_모델2\engine\default\x64\debug\transform.obj
c:\users\wnsgh\onedrive\바탕 화면\파일 모음\쥬신\수업\7개월차\13일차_모델2\engine\default\x64\debug\timer_manager.obj
c:\users\wnsgh\onedrive\바탕 화면\파일 모음\쥬신\수업\7개월차\13일차_모델2\engine\default\x64\debug\timer.obj
d:\정의훈\145\3d\framework\x64\debug\engine.lib
d:\정의훈\145\3d\framework\x64\debug\engine.exp
d:\정의훈\145\3d\framework\engine\bin\engine.lib
d:\정의훈\145\3d\framework\engine\bin\engine.exp
c:\users\wnsgh\onedrive\바탕 화면\파일 모음\쥬신\수업\7개월차\13일차_모델2\engine\default\x64\debug\engine.ilk
c:\users\wnsgh\onedrive\바탕 화면\파일 모음\쥬신\수업\7개월차\13일차_모델2\engine\bin\engine.dll
c:\users\wnsgh\onedrive\바탕 화면\파일 모음\쥬신\수업\7개월차\13일차_모델2\engine\bin\engine.pdb
c:\users\wnsgh\onedrive\바탕 화면\파일 모음\쥬신\수업\7개월차\13일차_모델2\engine\bin\engine.lib
c:\users\wnsgh\onedrive\바탕 화면\파일 모음\쥬신\수업\7개월차\13일차_모델2\engine\bin\engine.exp
c:\users\wnsgh\onedrive\바탕 화면\파일 모음\쥬신\수업\7개월차\13일차_모델2\engine\default\x64\debug\vc140.idb
c:\users\wnsgh\onedrive\바탕 화면\파일 모음\쥬신\수업\7개월차\13일차_모델2\engine\default\x64\debug\vc140.pdb
c:\users\wnsgh\onedrive\바탕 화면\파일 모음\쥬신\수업\7개월차\13일차_모델2\engine\default\x64\debug\engine.tlog\cl.command.1.tlog
c:\users\wnsgh\onedrive\바탕 화면\파일 모음\쥬신\수업\7개월차\13일차_모델2\engine\default\x64\debug\engine.tlog\cl.items.tlog
c:\users\wnsgh\onedrive\바탕 화면\파일 모음\쥬신\수업\7개월차\13일차_모델2\engine\default\x64\debug\engine.tlog\cl.read.1.tlog
c:\users\wnsgh\onedrive\바탕 화면\파일 모음\쥬신\수업\7개월차\13일차_모델2\engine\default\x64\debug\engine.tlog\cl.write.1.tlog
c:\users\wnsgh\onedrive\바탕 화면\파일 모음\쥬신\수업\7개월차\13일차_모델2\engine\default\x64\debug\engine.tlog\engine.write.1u.tlog
c:\users\wnsgh\onedrive\바탕 화면\파일 모음\쥬신\수업\7개월차\13일차_모델2\engine\default\x64\debug\engine.tlog\link.command.1.tlog
c:\users\wnsgh\onedrive\바탕 화면\파일 모음\쥬신\수업\7개월차\13일차_모델2\engine\default\x64\debug\engine.tlog\link.read.1.tlog
c:\users\wnsgh\onedrive\바탕 화면\파일 모음\쥬신\수업\7개월차\13일차_모델2\engine\default\x64\debug\engine.tlog\link.write.1.tlog
c:\users\wnsgh\onedrive\바탕 화면\파일 모음\쥬신\수업\7개월차\13일차_모델2\engine\default\x64\debug\engine.tlog\link.write.2u.tlog
